0 info it worked if it ends with ok
1 verbose cli [ 'node',
1 verbose cli   '/usr/local/bin/npm',
1 verbose cli   'install',
1 verbose cli   'angular-ui-select',
1 verbose cli   '--save' ]
2 info using npm@1.4.28
3 info using node@v0.10.33
4 warn package.json @0.0.0 No description
5 warn package.json @0.0.0 No repository field.
6 warn package.json @0.0.0 No README data
7 verbose readDependencies using package.json deps
8 verbose cache add [ 'angular-ui-select', null ]
9 verbose cache add name=undefined spec="angular-ui-select" args=["angular-ui-select",null]
10 verbose parsed url { protocol: null,
10 verbose parsed url   slashes: null,
10 verbose parsed url   auth: null,
10 verbose parsed url   host: null,
10 verbose parsed url   port: null,
10 verbose parsed url   hostname: null,
10 verbose parsed url   hash: null,
10 verbose parsed url   search: null,
10 verbose parsed url   query: null,
10 verbose parsed url   pathname: 'angular-ui-select',
10 verbose parsed url   path: 'angular-ui-select',
10 verbose parsed url   href: 'angular-ui-select' }
11 silly lockFile 8e08bfba-angular-ui-select angular-ui-select
12 verbose lock angular-ui-select /Volumes/Macintosh HD/Users/ZankianVisionPro/.npm/8e08bfba-angular-ui-select.lock
13 silly lockFile 8e08bfba-angular-ui-select angular-ui-select
14 silly lockFile 8e08bfba-angular-ui-select angular-ui-select
15 verbose addNamed [ 'angular-ui-select', '' ]
16 verbose addNamed [ null, '*' ]
17 silly lockFile 09b26c37-angular-ui-select angular-ui-select@
18 verbose lock angular-ui-select@ /Volumes/Macintosh HD/Users/ZankianVisionPro/.npm/09b26c37-angular-ui-select.lock
19 silly addNameRange { name: 'angular-ui-select', range: '*', hasData: false }
20 verbose request where is /angular-ui-select
21 verbose request registry http://registry.npmjs.org/
22 verbose request id a9392147027586d8
23 verbose url raw /angular-ui-select
24 verbose url resolving [ 'http://registry.npmjs.org/', './angular-ui-select' ]
25 verbose url resolved http://registry.npmjs.org/angular-ui-select
26 verbose request where is http://registry.npmjs.org/angular-ui-select
27 info trying registry request attempt 1 at 13:42:57
28 http GET http://registry.npmjs.org/angular-ui-select
29 http 404 http://registry.npmjs.org/angular-ui-select
30 verbose headers { server: 'CouchDB/1.5.0 (Erlang OTP/R16B03)',
30 verbose headers   'content-type': 'application/json',
30 verbose headers   'cache-control': 'max-age=0',
30 verbose headers   'content-length': '52',
30 verbose headers   'accept-ranges': 'bytes',
30 verbose headers   date: 'Tue, 27 Jan 2015 13:42:57 GMT',
30 verbose headers   via: '1.1 varnish',
30 verbose headers   age: '0',
30 verbose headers   connection: 'keep-alive',
30 verbose headers   'x-served-by': 'cache-lhr6331-LHR',
30 verbose headers   'x-cache': 'MISS',
30 verbose headers   'x-cache-hits': '0',
30 verbose headers   'x-timer': 'S1422366177.271881,VS0,VE352' }
31 silly registry.get cb [ 404,
31 silly registry.get   { server: 'CouchDB/1.5.0 (Erlang OTP/R16B03)',
31 silly registry.get     'content-type': 'application/json',
31 silly registry.get     'cache-control': 'max-age=0',
31 silly registry.get     'content-length': '52',
31 silly registry.get     'accept-ranges': 'bytes',
31 silly registry.get     date: 'Tue, 27 Jan 2015 13:42:57 GMT',
31 silly registry.get     via: '1.1 varnish',
31 silly registry.get     age: '0',
31 silly registry.get     connection: 'keep-alive',
31 silly registry.get     'x-served-by': 'cache-lhr6331-LHR',
31 silly registry.get     'x-cache': 'MISS',
31 silly registry.get     'x-cache-hits': '0',
31 silly registry.get     'x-timer': 'S1422366177.271881,VS0,VE352' } ]
32 silly lockFile 09b26c37-angular-ui-select angular-ui-select@
33 silly lockFile 09b26c37-angular-ui-select angular-ui-select@
34 error 404 404 Not Found: angular-ui-select
34 error 404
34 error 404 'angular-ui-select' is not in the npm registry.
34 error 404 You should bug the author to publish it
34 error 404
34 error 404 Note that you can also install from a
34 error 404 tarball, folder, or http url, or git url.
35 error System Darwin 14.0.0
36 error command "node" "/usr/local/bin/npm" "install" "angular-ui-select" "--save"
37 error cwd /Volumes/Macintosh HD/Users/ZankianVisionPro/Sites/Barcalys/bss_poc
38 error node -v v0.10.33
39 error npm -v 1.4.28
40 error code E404
41 verbose exit [ 1, true ]
